  [1m[35m (101.2ms)[0m  [1m[35mCREATE DATABASE "fruit_box_development" ENCODING = 'unicode' /*application='FruitBox'*/[0m
  [1m[35m (0.3ms)[0m  [1m[35mCREATE TABLE "schema_migrations" ("version" varchar NOT NULL PRIMARY KEY) /*application='FruitBox'*/[0m
  [1m[35m (0.1ms)[0m  [1m[35mCREATE TABLE "ar_internal_metadata" ("key" varchar NOT NULL PRIMARY KEY, "value" varchar, "created_at" datetime(6) NOT NULL, "updated_at" datetime(6) NOT NULL) /*application='FruitBox'*/[0m
  [1m[36mActiveRecord::SchemaMigration Load (0.1ms)[0m  [1m[34mSELECT "schema_migrations"."version" FROM "schema_migrations" ORDER BY "schema_migrations"."version" ASC /*application='FruitBox'*/[0m
Started GET "/" for 127.0.0.1 at 2025-06-27 10:29:22 -0400
  [1m[36mActiveRecord::SchemaMigration Load (0.1ms)[0m  [1m[34mSELECT "schema_migrations"."version" FROM "schema_migrations" ORDER BY "schema_migrations"."version" ASC /*application='FruitBox'*/[0m
Processing by GameController#index as HTML
  Rendering layout layouts/application.html.erb
  Rendering game/index.html.erb within layouts/application
  Rendered game/index.html.erb within layouts/application (Duration: 0.2ms | GC: 0.0ms)
  Rendered layout layouts/application.html.erb (Duration: 3.8ms | GC: 0.0ms)
Completed 200 OK in 68ms (Views: 7.7ms | ActiveRecord: 0.0ms (0 queries, 0 cached) | GC: 1.3ms)


Started GET "/assets/application-8b441ae0.css" for 127.0.0.1 at 2025-06-27 10:29:23 -0400
Started GET "/assets/application-b94e4fc0.js" for 127.0.0.1 at 2025-06-27 10:29:23 -0400
Started GET "/" for 127.0.0.1 at 2025-06-27 10:34:59 -0400
Processing by GameController#index as HTML
  Rendering layout layouts/application.html.erb
  Rendering game/index.html.erb within layouts/application
  Rendered game/index.html.erb within layouts/application (Duration: 0.2ms | GC: 0.0ms)
  Rendered layout layouts/application.html.erb (Duration: 8.0ms | GC: 0.0ms)
Completed 200 OK in 48ms (Views: 9.3ms | ActiveRecord: 0.0ms (0 queries, 0 cached) | GC: 0.0ms)


Started GET "/assets/application-fab0a99a.js" for 127.0.0.1 at 2025-06-27 10:34:59 -0400
Started GET "/" for 127.0.0.1 at 2025-06-27 10:43:05 -0400
Processing by GameController#index as HTML
  Rendering layout layouts/application.html.erb
  Rendering game/index.html.erb within layouts/application
  Rendered game/index.html.erb within layouts/application (Duration: 0.0ms | GC: 0.0ms)
  Rendered layout layouts/application.html.erb (Duration: 3.3ms | GC: 0.0ms)
Completed 200 OK in 40ms (Views: 3.6ms | ActiveRecord: 0.0ms (0 queries, 0 cached) | GC: 0.0ms)


Started GET "/assets/application-7a4418c4.css" for 127.0.0.1 at 2025-06-27 10:43:05 -0400
Started GET "/assets/application.tailwind-ee41ae41.css" for 127.0.0.1 at 2025-06-27 10:43:05 -0400
Started GET "/assets/tailwindcss" for 127.0.0.1 at 2025-06-27 10:43:05 -0400
Started GET "/" for 127.0.0.1 at 2025-06-27 10:45:21 -0400
Processing by GameController#index as HTML
  Rendering layout layouts/application.html.erb
  Rendering game/index.html.erb within layouts/application
  Rendered game/index.html.erb within layouts/application (Duration: 0.0ms | GC: 0.0ms)
  Rendered layout layouts/application.html.erb (Duration: 1.3ms | GC: 0.0ms)
Completed 200 OK in 42ms (Views: 1.5ms | ActiveRecord: 0.0ms (0 queries, 0 cached) | GC: 1.4ms)


Started GET "/assets/application-f527c5e4.js" for 127.0.0.1 at 2025-06-27 10:45:21 -0400
Started GET "/assets/tailwindcss" for 127.0.0.1 at 2025-06-27 10:45:21 -0400
Started GET "/" for 127.0.0.1 at 2025-06-27 10:45:39 -0400
Processing by GameController#index as HTML
  Rendering layout layouts/application.html.erb
  Rendering game/index.html.erb within layouts/application
  Rendered game/index.html.erb within layouts/application (Duration: 0.1ms | GC: 0.0ms)
  Rendered layout layouts/application.html.erb (Duration: 0.7ms | GC: 0.0ms)
Completed 200 OK in 34ms (Views: 1.0ms | ActiveRecord: 0.0ms (0 queries, 0 cached) | GC: 0.0ms)


Started GET "/assets/tailwindcss" for 127.0.0.1 at 2025-06-27 10:45:39 -0400
Started GET "/" for 127.0.0.1 at 2025-06-27 10:48:09 -0400
Processing by GameController#index as HTML
  Rendering layout layouts/application.html.erb
  Rendering game/index.html.erb within layouts/application
  Rendered game/index.html.erb within layouts/application (Duration: 0.1ms | GC: 0.0ms)
  Rendered layout layouts/application.html.erb (Duration: 2.5ms | GC: 0.0ms)
Completed 200 OK in 41ms (Views: 2.8ms | ActiveRecord: 0.0ms (0 queries, 0 cached) | GC: 0.2ms)


Started GET "/assets/application-b41ca83c.js" for 127.0.0.1 at 2025-06-27 10:48:09 -0400
Started GET "/assets/tailwindcss" for 127.0.0.1 at 2025-06-27 10:48:09 -0400
Started GET "/" for 127.0.0.1 at 2025-06-27 10:48:16 -0400
Processing by GameController#index as HTML
  Rendering layout layouts/application.html.erb
  Rendering game/index.html.erb within layouts/application
  Rendered game/index.html.erb within layouts/application (Duration: 0.1ms | GC: 0.0ms)
  Rendered layout layouts/application.html.erb (Duration: 0.7ms | GC: 0.0ms)
Completed 200 OK in 30ms (Views: 1.0ms | ActiveRecord: 0.0ms (0 queries, 0 cached) | GC: 0.0ms)


Started GET "/assets/tailwindcss" for 127.0.0.1 at 2025-06-27 10:48:16 -0400
Started GET "/" for 127.0.0.1 at 2025-06-27 10:51:07 -0400
Processing by GameController#index as HTML
  Rendering layout layouts/application.html.erb
  Rendering game/index.html.erb within layouts/application
  Rendered game/index.html.erb within layouts/application (Duration: 0.0ms | GC: 0.0ms)
  Rendered layout layouts/application.html.erb (Duration: 1.7ms | GC: 0.0ms)
Completed 200 OK in 36ms (Views: 2.0ms | ActiveRecord: 0.0ms (0 queries, 0 cached) | GC: 0.0ms)


Started GET "/assets/application-4cca568c.js" for 127.0.0.1 at 2025-06-27 10:51:07 -0400
Started GET "/assets/tailwindcss" for 127.0.0.1 at 2025-06-27 10:51:07 -0400
Started GET "/" for 127.0.0.1 at 2025-06-27 10:53:57 -0400
Processing by GameController#index as HTML
  Rendering layout layouts/application.html.erb
  Rendering game/index.html.erb within layouts/application
  Rendered game/index.html.erb within layouts/application (Duration: 0.1ms | GC: 0.0ms)
  Rendered layout layouts/application.html.erb (Duration: 2.8ms | GC: 0.0ms)
Completed 200 OK in 41ms (Views: 3.1ms | ActiveRecord: 0.0ms (0 queries, 0 cached) | GC: 0.0ms)


Started GET "/assets/application-dd623eb5.js" for 127.0.0.1 at 2025-06-27 10:53:57 -0400
Started GET "/assets/tailwindcss" for 127.0.0.1 at 2025-06-27 10:53:57 -0400
Started GET "/" for 127.0.0.1 at 2025-06-27 11:03:02 -0400
Processing by GameController#index as HTML
  Rendering layout layouts/application.html.erb
  Rendering game/index.html.erb within layouts/application
  Rendered game/index.html.erb within layouts/application (Duration: 0.2ms | GC: 0.0ms)
  Rendered layout layouts/application.html.erb (Duration: 2.3ms | GC: 0.0ms)
Completed 200 OK in 28ms (Views: 3.4ms | ActiveRecord: 0.0ms (0 queries, 0 cached) | GC: 0.2ms)


Started GET "/assets/application-84057f10.js" for 127.0.0.1 at 2025-06-27 11:03:02 -0400
Started GET "/assets/tailwindcss" for 127.0.0.1 at 2025-06-27 11:03:02 -0400
Started GET "/" for 127.0.0.1 at 2025-06-27 11:04:51 -0400
Processing by GameController#index as HTML
  Rendering layout layouts/application.html.erb
  Rendering game/index.html.erb within layouts/application
  Rendered game/index.html.erb within layouts/application (Duration: 0.2ms | GC: 0.0ms)
  Rendered layout layouts/application.html.erb (Duration: 1.6ms | GC: 0.0ms)
Completed 200 OK in 25ms (Views: 2.6ms | ActiveRecord: 0.0ms (0 queries, 0 cached) | GC: 0.0ms)


Started GET "/assets/application-0a9579db.js" for 127.0.0.1 at 2025-06-27 11:04:51 -0400
Started GET "/assets/tailwindcss" for 127.0.0.1 at 2025-06-27 11:04:51 -0400
Started GET "/" for 127.0.0.1 at 2025-06-27 11:06:10 -0400
Processing by GameController#index as HTML
  Rendering layout layouts/application.html.erb
  Rendering game/index.html.erb within layouts/application
  Rendered game/index.html.erb within layouts/application (Duration: 0.0ms | GC: 0.0ms)
  Rendered layout layouts/application.html.erb (Duration: 2.8ms | GC: 0.0ms)
Completed 200 OK in 30ms (Views: 3.3ms | ActiveRecord: 0.0ms (0 queries, 0 cached) | GC: 1.1ms)


Started GET "/assets/application-43f1d53d.css" for 127.0.0.1 at 2025-06-27 11:06:10 -0400
Started GET "/assets/tailwindcss" for 127.0.0.1 at 2025-06-27 11:06:10 -0400
Started GET "/" for 127.0.0.1 at 2025-06-27 11:06:41 -0400
Processing by GameController#index as HTML
  Rendering layout layouts/application.html.erb
  Rendering game/index.html.erb within layouts/application
  Rendered game/index.html.erb within layouts/application (Duration: 0.2ms | GC: 0.0ms)
  Rendered layout layouts/application.html.erb (Duration: 1.4ms | GC: 0.0ms)
Completed 200 OK in 27ms (Views: 2.4ms | ActiveRecord: 0.0ms (0 queries, 0 cached) | GC: 0.7ms)


Started GET "/assets/application-4fab035d.css" for 127.0.0.1 at 2025-06-27 11:06:41 -0400
Started GET "/assets/application-da2a2ea8.js" for 127.0.0.1 at 2025-06-27 11:06:41 -0400
Started GET "/assets/tailwindcss" for 127.0.0.1 at 2025-06-27 11:06:41 -0400
Started GET "/" for 127.0.0.1 at 2025-06-27 11:10:08 -0400
Processing by GameController#index as HTML
  Rendering layout layouts/application.html.erb
  Rendering game/index.html.erb within layouts/application
  Rendered game/index.html.erb within layouts/application (Duration: 0.0ms | GC: 0.0ms)
  Rendered layout layouts/application.html.erb (Duration: 1.7ms | GC: 0.0ms)
Completed 200 OK in 31ms (Views: 1.9ms | ActiveRecord: 0.0ms (0 queries, 0 cached) | GC: 0.0ms)


Started GET "/assets/application-62daee8d.js" for 127.0.0.1 at 2025-06-27 11:10:08 -0400
Started GET "/assets/tailwindcss" for 127.0.0.1 at 2025-06-27 11:10:08 -0400
Started GET "/" for 127.0.0.1 at 2025-06-27 11:12:49 -0400
Processing by GameController#index as HTML
  Rendering layout layouts/application.html.erb
  Rendering game/index.html.erb within layouts/application
  Rendered game/index.html.erb within layouts/application (Duration: 0.0ms | GC: 0.0ms)
  Rendered layout layouts/application.html.erb (Duration: 1.8ms | GC: 0.0ms)
Completed 200 OK in 38ms (Views: 2.0ms | ActiveRecord: 0.0ms (0 queries, 0 cached) | GC: 3.2ms)


Started GET "/assets/application-fb0eb1c0.js" for 127.0.0.1 at 2025-06-27 11:12:49 -0400
Started GET "/assets/tailwindcss" for 127.0.0.1 at 2025-06-27 11:12:49 -0400
Started GET "/" for 127.0.0.1 at 2025-06-27 11:17:14 -0400
Processing by GameController#index as HTML
  Rendering layout layouts/application.html.erb
  Rendering game/index.html.erb within layouts/application
  Rendered game/index.html.erb within layouts/application (Duration: 0.2ms | GC: 0.0ms)
  Rendered layout layouts/application.html.erb (Duration: 1.1ms | GC: 0.0ms)
Completed 200 OK in 24ms (Views: 2.0ms | ActiveRecord: 0.0ms (0 queries, 0 cached) | GC: 0.0ms)


Started GET "/assets/tailwindcss" for 127.0.0.1 at 2025-06-27 11:17:14 -0400
Started GET "/" for 127.0.0.1 at 2025-06-27 11:20:12 -0400
Processing by GameController#index as HTML
  Rendering layout layouts/application.html.erb
  Rendering game/index.html.erb within layouts/application
  Rendered game/index.html.erb within layouts/application (Duration: 0.2ms | GC: 0.0ms)
  Rendered layout layouts/application.html.erb (Duration: 0.9ms | GC: 0.0ms)
Completed 200 OK in 21ms (Views: 1.6ms | ActiveRecord: 0.0ms (0 queries, 0 cached) | GC: 0.0ms)


Started GET "/assets/tailwindcss" for 127.0.0.1 at 2025-06-27 11:20:12 -0400
Started GET "/" for 127.0.0.1 at 2025-06-27 11:25:58 -0400
Processing by GameController#index as HTML
  Rendering layout layouts/application.html.erb
  Rendering game/index.html.erb within layouts/application
  Rendered game/index.html.erb within layouts/application (Duration: 0.0ms | GC: 0.0ms)
  Rendered layout layouts/application.html.erb (Duration: 0.6ms | GC: 0.0ms)
Completed 200 OK in 27ms (Views: 0.8ms | ActiveRecord: 0.0ms (0 queries, 0 cached) | GC: 0.0ms)


Started GET "/assets/tailwindcss" for 127.0.0.1 at 2025-06-27 11:25:58 -0400
Started GET "/" for 127.0.0.1 at 2025-06-27 11:26:13 -0400
Processing by GameController#index as HTML
  Rendering layout layouts/application.html.erb
  Rendering game/index.html.erb within layouts/application
  Rendered game/index.html.erb within layouts/application (Duration: 0.0ms | GC: 0.0ms)
  Rendered layout layouts/application.html.erb (Duration: 0.8ms | GC: 0.0ms)
Completed 200 OK in 36ms (Views: 1.1ms | ActiveRecord: 0.0ms (0 queries, 0 cached) | GC: 0.0ms)


Started GET "/assets/tailwindcss" for 127.0.0.1 at 2025-06-27 11:26:14 -0400
Started GET "/" for 127.0.0.1 at 2025-06-27 11:26:52 -0400
Processing by GameController#index as HTML
  Rendering layout layouts/application.html.erb
  Rendering game/index.html.erb within layouts/application
  Rendered game/index.html.erb within layouts/application (Duration: 0.2ms | GC: 0.0ms)
  Rendered layout layouts/application.html.erb (Duration: 0.9ms | GC: 0.0ms)
Completed 200 OK in 26ms (Views: 1.6ms | ActiveRecord: 0.0ms (0 queries, 0 cached) | GC: 0.0ms)


Started GET "/assets/tailwindcss" for 127.0.0.1 at 2025-06-27 11:26:53 -0400
Started GET "/" for 127.0.0.1 at 2025-06-27 11:29:43 -0400
Processing by GameController#index as HTML
  Rendering layout layouts/application.html.erb
  Rendering game/index.html.erb within layouts/application
  Rendered game/index.html.erb within layouts/application (Duration: 0.4ms | GC: 0.0ms)
  Rendered layout layouts/application.html.erb (Duration: 1.4ms | GC: 0.0ms)
Completed 200 OK in 25ms (Views: 2.3ms | ActiveRecord: 0.0ms (0 queries, 0 cached) | GC: 0.0ms)


Started GET "/assets/tailwindcss" for 127.0.0.1 at 2025-06-27 11:29:43 -0400
Started GET "/" for 127.0.0.1 at 2025-06-27 11:29:58 -0400
Processing by GameController#index as HTML
  Rendering layout layouts/application.html.erb
  Rendering game/index.html.erb within layouts/application
  Rendered game/index.html.erb within layouts/application (Duration: 0.0ms | GC: 0.0ms)
  Rendered layout layouts/application.html.erb (Duration: 0.7ms | GC: 0.0ms)
Completed 200 OK in 36ms (Views: 0.9ms | ActiveRecord: 0.0ms (0 queries, 0 cached) | GC: 0.0ms)


Started GET "/assets/tailwindcss" for 127.0.0.1 at 2025-06-27 11:29:58 -0400
Started GET "/assets/tailwindcss" for 127.0.0.1 at 2025-06-27 11:30:43 -0400
Started GET "/.well-known/appspecific/com.chrome.devtools.json" for 127.0.0.1 at 2025-06-27 11:30:43 -0400
  
ActionController::RoutingError (No route matches [GET] "/.well-known/appspecific/com.chrome.devtools.json"):
  
Started GET "/assets/application-d7292041.js.map" for 127.0.0.1 at 2025-06-27 11:30:43 -0400
Started GET "/" for 127.0.0.1 at 2025-06-27 11:31:23 -0400
Processing by GameController#index as HTML
  Rendering layout layouts/application.html.erb
  Rendering game/index.html.erb within layouts/application
  Rendered game/index.html.erb within layouts/application (Duration: 0.2ms | GC: 0.0ms)
  Rendered layout layouts/application.html.erb (Duration: 0.8ms | GC: 0.0ms)
Completed 200 OK in 22ms (Views: 1.6ms | ActiveRecord: 0.0ms (0 queries, 0 cached) | GC: 0.0ms)


Started GET "/.well-known/appspecific/com.chrome.devtools.json" for 127.0.0.1 at 2025-06-27 11:31:23 -0400
Started GET "/assets/tailwindcss" for 127.0.0.1 at 2025-06-27 11:31:23 -0400
  
ActionController::RoutingError (No route matches [GET] "/.well-known/appspecific/com.chrome.devtools.json"):
  
Started GET "/" for 127.0.0.1 at 2025-06-27 11:32:01 -0400
Processing by GameController#index as HTML
  Rendering layout layouts/application.html.erb
  Rendering game/index.html.erb within layouts/application
  Rendered game/index.html.erb within layouts/application (Duration: 0.2ms | GC: 0.0ms)
  Rendered layout layouts/application.html.erb (Duration: 0.8ms | GC: 0.0ms)
Completed 200 OK in 21ms (Views: 1.8ms | ActiveRecord: 0.0ms (0 queries, 0 cached) | GC: 0.0ms)


Started GET "/.well-known/appspecific/com.chrome.devtools.json" for 127.0.0.1 at 2025-06-27 11:32:01 -0400
  
ActionController::RoutingError (No route matches [GET] "/.well-known/appspecific/com.chrome.devtools.json"):
  
Started GET "/" for 127.0.0.1 at 2025-06-27 11:35:10 -0400
Processing by GameController#index as HTML
  Rendering layout layouts/application.html.erb
  Rendering game/index.html.erb within layouts/application
  Rendered game/index.html.erb within layouts/application (Duration: 0.2ms | GC: 0.0ms)
  Rendered layout layouts/application.html.erb (Duration: 1.3ms | GC: 0.2ms)
Completed 200 OK in 24ms (Views: 2.1ms | ActiveRecord: 0.0ms (0 queries, 0 cached) | GC: 0.2ms)


Started GET "/.well-known/appspecific/com.chrome.devtools.json" for 127.0.0.1 at 2025-06-27 11:35:10 -0400
  
ActionController::RoutingError (No route matches [GET] "/.well-known/appspecific/com.chrome.devtools.json"):
  
Started GET "/" for 127.0.0.1 at 2025-06-27 11:36:47 -0400
Processing by GameController#index as HTML
  Rendering layout layouts/application.html.erb
  Rendering game/index.html.erb within layouts/application
  Rendered game/index.html.erb within layouts/application (Duration: 0.0ms | GC: 0.0ms)
  Rendered layout layouts/application.html.erb (Duration: 0.6ms | GC: 0.0ms)
Completed 200 OK in 38ms (Views: 0.9ms | ActiveRecord: 0.0ms (0 queries, 0 cached) | GC: 0.0ms)


Started GET "/.well-known/appspecific/com.chrome.devtools.json" for 127.0.0.1 at 2025-06-27 11:36:47 -0400
  
ActionController::RoutingError (No route matches [GET] "/.well-known/appspecific/com.chrome.devtools.json"):
  
Started GET "/" for 127.0.0.1 at 2025-06-27 11:37:49 -0400
Processing by GameController#index as HTML
  Rendering layout layouts/application.html.erb
  Rendering game/index.html.erb within layouts/application
  Rendered game/index.html.erb within layouts/application (Duration: 0.0ms | GC: 0.0ms)
  Rendered layout layouts/application.html.erb (Duration: 0.7ms | GC: 0.0ms)
Completed 200 OK in 26ms (Views: 0.9ms | ActiveRecord: 0.0ms (0 queries, 0 cached) | GC: 0.0ms)


Started GET "/.well-known/appspecific/com.chrome.devtools.json" for 127.0.0.1 at 2025-06-27 11:37:49 -0400
  
ActionController::RoutingError (No route matches [GET] "/.well-known/appspecific/com.chrome.devtools.json"):
  
Started GET "/" for 127.0.0.1 at 2025-06-27 11:38:11 -0400
Processing by GameController#index as HTML
  Rendering layout layouts/application.html.erb
  Rendering game/index.html.erb within layouts/application
  Rendered game/index.html.erb within layouts/application (Duration: 0.2ms | GC: 0.0ms)
  Rendered layout layouts/application.html.erb (Duration: 0.9ms | GC: 0.0ms)
Completed 200 OK in 21ms (Views: 1.7ms | ActiveRecord: 0.0ms (0 queries, 0 cached) | GC: 0.0ms)


Started GET "/.well-known/appspecific/com.chrome.devtools.json" for 127.0.0.1 at 2025-06-27 11:38:11 -0400
  
ActionController::RoutingError (No route matches [GET] "/.well-known/appspecific/com.chrome.devtools.json"):
  
Started GET "/" for 127.0.0.1 at 2025-06-27 11:38:38 -0400
Processing by GameController#index as HTML
  Rendering layout layouts/application.html.erb
  Rendering game/index.html.erb within layouts/application
  Rendered game/index.html.erb within layouts/application (Duration: 0.2ms | GC: 0.0ms)
  Rendered layout layouts/application.html.erb (Duration: 0.9ms | GC: 0.0ms)
Completed 200 OK in 23ms (Views: 2.4ms | ActiveRecord: 0.0ms (0 queries, 0 cached) | GC: 0.5ms)


Started GET "/.well-known/appspecific/com.chrome.devtools.json" for 127.0.0.1 at 2025-06-27 11:38:38 -0400
  
ActionController::RoutingError (No route matches [GET] "/.well-known/appspecific/com.chrome.devtools.json"):
  
Started GET "/" for 127.0.0.1 at 2025-06-27 11:39:30 -0400
Processing by GameController#index as HTML
  Rendering layout layouts/application.html.erb
  Rendering game/index.html.erb within layouts/application
  Rendered game/index.html.erb within layouts/application (Duration: 0.5ms | GC: 0.3ms)
  Rendered layout layouts/application.html.erb (Duration: 1.5ms | GC: 0.3ms)
Completed 200 OK in 26ms (Views: 2.3ms | ActiveRecord: 0.0ms (0 queries, 0 cached) | GC: 0.3ms)


Started GET "/.well-known/appspecific/com.chrome.devtools.json" for 127.0.0.1 at 2025-06-27 11:39:30 -0400
  
ActionController::RoutingError (No route matches [GET] "/.well-known/appspecific/com.chrome.devtools.json"):
  
Writing application-23a47820.js.map
Writing application-2c150c55.css
Writing application-fdb61fee.js
Writing application.tailwind-ee41ae41.css
Writing stimulus.min-4b1e420e.js
Writing stimulus-d59b3b7f.js
Writing stimulus.min-2395e199.js.map
Writing stimulus-importmap-autoloader-64cc03e1.js
Writing stimulus-autoloader-9d447422.js
Writing stimulus-loading-1fc53fe7.js
Writing turbo.min-5f3b7fda.js.map
Writing turbo-a1e3a50a.js
Writing turbo.min-3a2e143f.js
Writing actiontext.esm-f1c04d34.js
Writing actiontext-a4ee937e.js
Writing trix-4b540cb5.js
Writing trix-65afdb1d.css
Writing action_cable-5212cfee.js
Writing actioncable.esm-e0ec9819.js
Writing actioncable-ac25813f.js
Writing activestorage.esm-f2909226.js
Writing activestorage-32201f68.js
Writing rails-ujs.esm-e925103b.js
Writing rails-ujs-20eaf715.js
Started GET "/" for 127.0.0.1 at 2025-06-27 11:40:23 -0400
Processing by GameController#index as HTML
  Rendering layout layouts/application.html.erb
  Rendering game/index.html.erb within layouts/application
  Rendered game/index.html.erb within layouts/application (Duration: 0.0ms | GC: 0.0ms)
  Rendered layout layouts/application.html.erb (Duration: 1.3ms | GC: 0.0ms)
Completed 200 OK in 31ms (Views: 1.5ms | ActiveRecord: 0.0ms (0 queries, 0 cached) | GC: 0.0ms)


Started GET "/.well-known/appspecific/com.chrome.devtools.json" for 127.0.0.1 at 2025-06-27 11:40:23 -0400
  
ActionController::RoutingError (No route matches [GET] "/.well-known/appspecific/com.chrome.devtools.json"):
  
Started GET "/" for 127.0.0.1 at 2025-06-27 11:42:51 -0400
Processing by GameController#index as HTML
  Rendering layout layouts/application.html.erb
  Rendering game/index.html.erb within layouts/application
  Rendered game/index.html.erb within layouts/application (Duration: 0.2ms | GC: 0.0ms)
  Rendered layout layouts/application.html.erb (Duration: 0.8ms | GC: 0.0ms)
Completed 200 OK in 22ms (Views: 1.7ms | ActiveRecord: 0.0ms (0 queries, 0 cached) | GC: 0.0ms)


Started GET "/.well-known/appspecific/com.chrome.devtools.json" for 127.0.0.1 at 2025-06-27 11:42:52 -0400
  
ActionController::RoutingError (No route matches [GET] "/.well-known/appspecific/com.chrome.devtools.json"):
  
Started GET "/" for 127.0.0.1 at 2025-06-27 11:47:32 -0400
Processing by GameController#index as HTML
  Rendering layout layouts/application.html.erb
  Rendering game/index.html.erb within layouts/application
  Rendered game/index.html.erb within layouts/application (Duration: 0.0ms | GC: 0.0ms)
  Rendered layout layouts/application.html.erb (Duration: 0.6ms | GC: 0.0ms)
Completed 200 OK in 33ms (Views: 0.9ms | ActiveRecord: 0.0ms (0 queries, 0 cached) | GC: 0.0ms)


Started GET "/.well-known/appspecific/com.chrome.devtools.json" for 127.0.0.1 at 2025-06-27 11:47:32 -0400
  
ActionController::RoutingError (No route matches [GET] "/.well-known/appspecific/com.chrome.devtools.json"):
  
  [1m[36mCACHE ActiveRecord::SchemaMigration Load (0.0ms)[0m  [1m[34mSELECT "schema_migrations"."version" FROM "schema_migrations" ORDER BY "schema_migrations"."version" ASC[0m
  [1m[36mActiveRecord::InternalMetadata Load (0.2ms)[0m  [1m[34mSELECT * FROM "ar_internal_metadata" WHERE "ar_internal_metadata"."key" = 'environment' ORDER BY "ar_internal_metadata"."key" ASC LIMIT 1 /*application='FruitBox'*/[0m
  [1m[36mActiveRecord::InternalMetadata Create (0.2ms)[0m  [1m[32mINSERT INTO "ar_internal_metadata" ("key", "value", "created_at", "updated_at") VALUES ('environment', 'development', '2025-06-27 17:02:39.949047', '2025-06-27 17:02:39.949049') RETURNING "key" /*application='FruitBox'*/[0m
  [1m[36mActiveRecord::SchemaMigration Load (0.0ms)[0m  [1m[34mSELECT "schema_migrations"."version" FROM "schema_migrations" ORDER BY "schema_migrations"."version" ASC /*application='FruitBox'*/[0m
Migrating to CreateGameRooms (20250627170235)
  [1m[36mTRANSACTION (0.0ms)[0m  [1m[35mBEGIN immediate TRANSACTION /*application='FruitBox'*/[0m
  [1m[35m (0.8ms)[0m  [1m[35mCREATE TABLE "game_rooms" ("id" integer PRIMARY KEY AUTOINCREMENT NOT NULL, "name" varchar, "room_code" varchar, "max_players" integer, "status" varchar, "created_at" datetime(6) NOT NULL, "updated_at" datetime(6) NOT NULL) /*application='FruitBox'*/[0m
  [1m[36mActiveRecord::SchemaMigration Create (0.0ms)[0m  [1m[32mINSERT INTO "schema_migrations" ("version") VALUES ('20250627170235') RETURNING "version" /*application='FruitBox'*/[0m
  [1m[36mTRANSACTION (0.1ms)[0m  [1m[35mCOMMIT TRANSACTION /*application='FruitBox'*/[0m
  [1m[36mActiveRecord::SchemaMigration Load (0.0ms)[0m  [1m[34mSELECT "schema_migrations"."version" FROM "schema_migrations" ORDER BY "schema_migrations"."version" ASC /*application='FruitBox'*/[0m
  [1m[36mCACHE ActiveRecord::SchemaMigration Load (0.0ms)[0m  [1m[34mSELECT "schema_migrations"."version" FROM "schema_migrations" ORDER BY "schema_migrations"."version" ASC[0m
  [1m[36mCACHE ActiveRecord::SchemaMigration Load (0.0ms)[0m  [1m[34mSELECT "schema_migrations"."version" FROM "schema_migrations" ORDER BY "schema_migrations"."version" ASC[0m
  [1m[36mActiveRecord::InternalMetadata Load (0.1ms)[0m  [1m[34mSELECT * FROM "ar_internal_metadata" WHERE "ar_internal_metadata"."key" = 'environment' ORDER BY "ar_internal_metadata"."key" ASC LIMIT 1 /*application='FruitBox'*/[0m
  [1m[36mActiveRecord::SchemaMigration Load (0.0ms)[0m  [1m[34mSELECT "schema_migrations"."version" FROM "schema_migrations" ORDER BY "schema_migrations"."version" ASC /*application='FruitBox'*/[0m
Migrating to CreatePlayers (20250627170244)
  [1m[36mTRANSACTION (0.0ms)[0m  [1m[35mBEGIN immediate TRANSACTION /*application='FruitBox'*/[0m
  [1m[35m (0.9ms)[0m  [1m[35mCREATE TABLE "players" ("id" integer PRIMARY KEY AUTOINCREMENT NOT NULL, "game_room_id" integer NOT NULL, "name" varchar, "score" integer, "created_at" datetime(6) NOT NULL, "updated_at" datetime(6) NOT NULL, CONSTRAINT "fk_rails_871e26061f"
FOREIGN KEY ("game_room_id")
  REFERENCES "game_rooms" ("id")
) /*application='FruitBox'*/[0m
  [1m[35m (0.0ms)[0m  [1m[35mCREATE INDEX "index_players_on_game_room_id" ON "players" ("game_room_id") /*application='FruitBox'*/[0m
  [1m[36mActiveRecord::SchemaMigration Create (0.0ms)[0m  [1m[32mINSERT INTO "schema_migrations" ("version") VALUES ('20250627170244') RETURNING "version" /*application='FruitBox'*/[0m
  [1m[36mTRANSACTION (0.1ms)[0m  [1m[35mCOMMIT TRANSACTION /*application='FruitBox'*/[0m
Migrating to CreateGameMoves (20250627170249)
  [1m[36mTRANSACTION (0.0ms)[0m  [1m[35mBEGIN immediate TRANSACTION /*application='FruitBox'*/[0m
  [1m[35m (0.8ms)[0m  [1m[35mCREATE TABLE "game_moves" ("id" integer PRIMARY KEY AUTOINCREMENT NOT NULL, "game_room_id" integer NOT NULL, "player_id" integer NOT NULL, "start_row" integer, "start_col" integer, "end_row" integer, "end_col" integer, "points_earned" integer, "board_state" text, "created_at" datetime(6) NOT NULL, "updated_at" datetime(6) NOT NULL, CONSTRAINT "fk_rails_2c9c772518"
FOREIGN KEY ("game_room_id")
  REFERENCES "game_rooms" ("id")
, CONSTRAINT "fk_rails_453033e511"
FOREIGN KEY ("player_id")
  REFERENCES "players" ("id")
) /*application='FruitBox'*/[0m
  [1m[35m (0.0ms)[0m  [1m[35mCREATE INDEX "index_game_moves_on_game_room_id" ON "game_moves" ("game_room_id") /*application='FruitBox'*/[0m
  [1m[35m (0.0ms)[0m  [1m[35mCREATE INDEX "index_game_moves_on_player_id" ON "game_moves" ("player_id") /*application='FruitBox'*/[0m
  [1m[36mActiveRecord::SchemaMigration Create (0.1ms)[0m  [1m[32mINSERT INTO "schema_migrations" ("version") VALUES ('20250627170249') RETURNING "version" /*application='FruitBox'*/[0m
  [1m[36mTRANSACTION (0.1ms)[0m  [1m[35mCOMMIT TRANSACTION /*application='FruitBox'*/[0m
  [1m[36mActiveRecord::SchemaMigration Load (0.0ms)[0m  [1m[34mSELECT "schema_migrations"."version" FROM "schema_migrations" ORDER BY "schema_migrations"."version" ASC /*application='FruitBox'*/[0m
  [1m[36mActiveRecord::InternalMetadata Load (0.1ms)[0m  [1m[34mSELECT * FROM "ar_internal_metadata" WHERE "ar_internal_metadata"."key" = 'environment' ORDER BY "ar_internal_metadata"."key" ASC LIMIT 1 /*application='FruitBox'*/[0m
  [1m[36mActiveRecord::SchemaMigration Load (0.0ms)[0m  [1m[34mSELECT "schema_migrations"."version" FROM "schema_migrations" ORDER BY "schema_migrations"."version" ASC /*application='FruitBox'*/[0m
  [1m[36mActiveRecord::SchemaMigration Load (0.0ms)[0m  [1m[34mSELECT "schema_migrations"."version" FROM "schema_migrations" ORDER BY "schema_migrations"."version" ASC /*application='FruitBox'*/[0m
  [1m[36mActiveRecord::InternalMetadata Load (0.1ms)[0m  [1m[34mSELECT * FROM "ar_internal_metadata" WHERE "ar_internal_metadata"."key" = 'environment' ORDER BY "ar_internal_metadata"."key" ASC LIMIT 1 /*application='FruitBox'*/[0m
  [1m[36mActiveRecord::SchemaMigration Load (0.0ms)[0m  [1m[34mSELECT "schema_migrations"."version" FROM "schema_migrations" ORDER BY "schema_migrations"."version" ASC /*application='FruitBox'*/[0m
  [1m[36mActiveRecord::SchemaMigration Load (0.0ms)[0m  [1m[34mSELECT "schema_migrations"."version" FROM "schema_migrations" ORDER BY "schema_migrations"."version" ASC /*application='FruitBox'*/[0m
Started GET "/" for 127.0.0.1 at 2025-06-27 13:06:32 -0400
  [1m[36mActiveRecord::SchemaMigration Load (0.0ms)[0m  [1m[34mSELECT "schema_migrations"."version" FROM "schema_migrations" ORDER BY "schema_migrations"."version" ASC /*application='FruitBox'*/[0m
Processing by GameController#index as HTML
  Rendering layout layouts/application.html.erb
  Rendering game/index.html.erb within layouts/application
  Rendered game/index.html.erb within layouts/application (Duration: 0.4ms | GC: 0.0ms)
  Rendered layout layouts/application.html.erb (Duration: 0.6ms | GC: 0.0ms)
Completed 500 Internal Server Error in 22ms (ActiveRecord: 0.0ms (0 queries, 0 cached) | GC: 0.0ms)


  
ActionView::Template::Error (undefined local variable or method `multiplayer_path' for an instance of #<Class:0x0000000130b13678>)
Caused by: NameError (undefined local variable or method `multiplayer_path' for an instance of #<Class:0x0000000130b13678>)

Information for: ActionView::Template::Error (undefined local variable or method `multiplayer_path' for an instance of #<Class:0x0000000130b13678>):
    18:     
    19:     <!-- Multiplayer Link -->
    20:     <div class="text-center mb-6">
    21:       <%= link_to multiplayer_path, class: "inline-block bg-purple-500 text-white font-semibold px-6 py-3 rounded-lg hover:bg-purple-600 transition-colors" do %>
    22:         🎮 Play Multiplayer
    23:       <% end %>
    24:     </div>
  
app/views/game/index.html.erb:21

Information for cause: NameError (undefined local variable or method `multiplayer_path' for an instance of #<Class:0x0000000130b13678>):
  
app/views/game/index.html.erb:21
Started GET "/favicon.ico" for 127.0.0.1 at 2025-06-27 13:06:33 -0400
  
ActionController::RoutingError (No route matches [GET] "/favicon.ico"):
  
Started GET "/" for 127.0.0.1 at 2025-06-27 13:06:46 -0400
  [1m[36mActiveRecord::SchemaMigration Load (0.1ms)[0m  [1m[34mSELECT "schema_migrations"."version" FROM "schema_migrations" ORDER BY "schema_migrations"."version" ASC /*application='FruitBox'*/[0m
Processing by GameController#index as HTML
  Rendering layout layouts/application.html.erb
  Rendering game/index.html.erb within layouts/application
  Rendered game/index.html.erb within layouts/application (Duration: 0.8ms | GC: 0.0ms)
  Rendered layout layouts/application.html.erb (Duration: 0.9ms | GC: 0.0ms)
Completed 500 Internal Server Error in 45ms (ActiveRecord: 0.0ms (0 queries, 0 cached) | GC: 0.0ms)


  
ActionView::Template::Error (undefined local variable or method `multiplayer_path' for an instance of #<Class:0x00000001388b5518>)
Caused by: NameError (undefined local variable or method `multiplayer_path' for an instance of #<Class:0x00000001388b5518>)

Information for: ActionView::Template::Error (undefined local variable or method `multiplayer_path' for an instance of #<Class:0x00000001388b5518>):
    18:     
    19:     <!-- Multiplayer Link -->
    20:     <div class="text-center mb-6">
    21:       <%= link_to multiplayer_path, class: "inline-block bg-purple-500 text-white font-semibold px-6 py-3 rounded-lg hover:bg-purple-600 transition-colors" do %>
    22:         🎮 Play Multiplayer
    23:       <% end %>
    24:     </div>
  
app/views/game/index.html.erb:21

Information for cause: NameError (undefined local variable or method `multiplayer_path' for an instance of #<Class:0x00000001388b5518>):
  
app/views/game/index.html.erb:21
Started GET "/" for 127.0.0.1 at 2025-06-27 13:07:17 -0400
Processing by GameController#index as HTML
  Rendering layout layouts/application.html.erb
  Rendering game/index.html.erb within layouts/application
  Rendered game/index.html.erb within layouts/application (Duration: 0.4ms | GC: 0.0ms)
  Rendered layout layouts/application.html.erb (Duration: 3.8ms | GC: 2.2ms)
Completed 200 OK in 27ms (Views: 4.5ms | ActiveRecord: 0.0ms (0 queries, 0 cached) | GC: 2.2ms)


Started GET "/game/multiplayer" for 127.0.0.1 at 2025-06-27 13:07:18 -0400
Processing by GameController#multiplayer as HTML
  Rendering layout layouts/application.html.erb
  Rendering game/multiplayer.html.erb within layouts/application
  Rendered game/multiplayer.html.erb within layouts/application (Duration: 22.4ms | GC: 1.5ms)
  Rendered layout layouts/application.html.erb (Duration: 22.7ms | GC: 1.5ms)
Completed 200 OK in 58ms (Views: 21.8ms | ActiveRecord: 1.2ms (0 queries, 0 cached) | GC: 1.5ms)


Started POST "/game/create_room" for 127.0.0.1 at 2025-06-27 13:07:27 -0400
Processing by GameController#create_room as TURBO_STREAM
  Parameters: {"authenticity_token"=>"[FILTERED]", "game_room"=>{"name"=>"test room", "max_players"=>"2"}, "commit"=>"Create Room"}
  [1m[36mTRANSACTION (0.0ms)[0m  [1m[35mBEGIN immediate TRANSACTION /*action='create_room',application='FruitBox',controller='game'*/[0m
  ↳ app/controllers/game_controller.rb:12:in `create_room'
  [1m[36mGameRoom Exists? (0.6ms)[0m  [1m[34mSELECT 1 AS one FROM "game_rooms" WHERE "game_rooms"."name" = 'test room' LIMIT 1 /*action='create_room',application='FruitBox',controller='game'*/[0m
  ↳ app/controllers/game_controller.rb:12:in `create_room'
  [1m[36mGameRoom Create (0.1ms)[0m  [1m[32mINSERT INTO "game_rooms" ("name", "room_code", "max_players", "status", "created_at", "updated_at") VALUES ('test room', 'LC28KA', 2, NULL, '2025-06-27 17:07:27.674922', '2025-06-27 17:07:27.674922') RETURNING "id" /*action='create_room',application='FruitBox',controller='game'*/[0m
  ↳ app/controllers/game_controller.rb:12:in `create_room'
  [1m[36mTRANSACTION (0.1ms)[0m  [1m[35mCOMMIT TRANSACTION /*action='create_room',application='FruitBox',controller='game'*/[0m
  ↳ app/controllers/game_controller.rb:12:in `create_room'
Redirected to http://127.0.0.1:3000/game/join/LC28KA
Completed 302 Found in 37ms (ActiveRecord: 0.9ms (2 queries, 0 cached) | GC: 0.4ms)


Started GET "/game/join/LC28KA" for 127.0.0.1 at 2025-06-27 13:07:27 -0400
Processing by GameController#join_room as TURBO_STREAM
  Parameters: {"room_code"=>"LC28KA"}
  [1m[36mGameRoom Load (0.1ms)[0m  [1m[34mSELECT "game_rooms".* FROM "game_rooms" WHERE "game_rooms"."room_code" = 'LC28KA' LIMIT 1 /*action='join_room',application='FruitBox',controller='game'*/[0m
  ↳ app/controllers/game_controller.rb:20:in `join_room'
  Rendering layout layouts/application.html.erb
  Rendering game/join_room.html.erb within layouts/application
  [1m[36mPlayer Count (0.1ms)[0m  [1m[34mSELECT COUNT(*) FROM "players" WHERE "players"."game_room_id" = 1 /*action='join_room',application='FruitBox',controller='game'*/[0m
  ↳ app/views/game/join_room.html.erb:12
  [1m[36mPlayer Load (0.0ms)[0m  [1m[34mSELECT "players".* FROM "players" WHERE "players"."game_room_id" = 1 /*action='join_room',application='FruitBox',controller='game'*/[0m
  ↳ app/views/game/join_room.html.erb:14
  [1m[36mCACHE Player Count (0.0ms)[0m  [1m[34mSELECT COUNT(*) FROM "players" WHERE "players"."game_room_id" = 1[0m
  ↳ app/models/game_room.rb:11:in `full?'
  Rendered game/join_room.html.erb within layouts/application (Duration: 2.3ms | GC: 0.0ms)
  Rendered layout layouts/application.html.erb (Duration: 2.7ms | GC: 0.0ms)
Completed 200 OK in 35ms (Views: 2.7ms | ActiveRecord: 0.4ms (4 queries, 1 cached) | GC: 0.5ms)


Started GET "/game/room/LC28KA?player%5Bname%5D=Chris&commit=Join+Game" for 127.0.0.1 at 2025-06-27 13:07:35 -0400
Processing by GameController#room as HTML
  Parameters: {"player"=>{"name"=>"Chris"}, "commit"=>"Join Game", "room_code"=>"LC28KA"}
  [1m[36mGameRoom Load (0.1ms)[0m  [1m[34mSELECT "game_rooms".* FROM "game_rooms" WHERE "game_rooms"."room_code" = 'LC28KA' LIMIT 1 /*action='room',application='FruitBox',controller='game'*/[0m
  ↳ app/controllers/game_controller.rb:25:in `room'
Completed 422 Unprocessable Content in 37ms (ActiveRecord: 0.1ms (1 query, 0 cached) | GC: 0.0ms)


  
ActiveRecord::RecordInvalid (Validation failed: Score is not a number):
  
app/controllers/game_controller.rb:29:in `room'
Started GET "/game/join/LC28KA" for 127.0.0.1 at 2025-06-27 13:07:35 -0400
Processing by GameController#join_room as HTML
  Parameters: {"room_code"=>"LC28KA"}
  [1m[36mGameRoom Load (0.1ms)[0m  [1m[34mSELECT "game_rooms".* FROM "game_rooms" WHERE "game_rooms"."room_code" = 'LC28KA' LIMIT 1 /*action='join_room',application='FruitBox',controller='game'*/[0m
  ↳ app/controllers/game_controller.rb:20:in `join_room'
  Rendering layout layouts/application.html.erb
  Rendering game/join_room.html.erb within layouts/application
  [1m[36mPlayer Count (0.0ms)[0m  [1m[34mSELECT COUNT(*) FROM "players" WHERE "players"."game_room_id" = 1 /*action='join_room',application='FruitBox',controller='game'*/[0m
  ↳ app/views/game/join_room.html.erb:12
  [1m[36mPlayer Load (0.0ms)[0m  [1m[34mSELECT "players".* FROM "players" WHERE "players"."game_room_id" = 1 /*action='join_room',application='FruitBox',controller='game'*/[0m
  ↳ app/views/game/join_room.html.erb:14
  [1m[36mCACHE Player Count (0.0ms)[0m  [1m[34mSELECT COUNT(*) FROM "players" WHERE "players"."game_room_id" = 1[0m
  ↳ app/models/game_room.rb:11:in `full?'
  Rendered game/join_room.html.erb within layouts/application (Duration: 1.4ms | GC: 0.2ms)
  Rendered layout layouts/application.html.erb (Duration: 1.7ms | GC: 0.2ms)
Completed 200 OK in 20ms (Views: 1.8ms | ActiveRecord: 0.1ms (4 queries, 1 cached) | GC: 0.2ms)


Started GET "/game/room/LC28KA?player%5Bname%5D=chris2&commit=Join+Game" for 127.0.0.1 at 2025-06-27 13:07:42 -0400
Processing by GameController#room as HTML
  Parameters: {"player"=>{"name"=>"chris2"}, "commit"=>"Join Game", "room_code"=>"LC28KA"}
  [1m[36mGameRoom Load (0.1ms)[0m  [1m[34mSELECT "game_rooms".* FROM "game_rooms" WHERE "game_rooms"."room_code" = 'LC28KA' LIMIT 1 /*action='room',application='FruitBox',controller='game'*/[0m
  ↳ app/controllers/game_controller.rb:25:in `room'
Completed 422 Unprocessable Content in 22ms (ActiveRecord: 0.1ms (1 query, 0 cached) | GC: 1.4ms)


  
ActiveRecord::RecordInvalid (Validation failed: Score is not a number):
  
app/controllers/game_controller.rb:29:in `room'
Started GET "/game/join/LC28KA" for 127.0.0.1 at 2025-06-27 13:07:42 -0400
Processing by GameController#join_room as HTML
  Parameters: {"room_code"=>"LC28KA"}
  [1m[36mGameRoom Load (0.4ms)[0m  [1m[34mSELECT "game_rooms".* FROM "game_rooms" WHERE "game_rooms"."room_code" = 'LC28KA' LIMIT 1 /*action='join_room',application='FruitBox',controller='game'*/[0m
  ↳ app/controllers/game_controller.rb:20:in `join_room'
  Rendering layout layouts/application.html.erb
  Rendering game/join_room.html.erb within layouts/application
  [1m[36mPlayer Count (0.0ms)[0m  [1m[34mSELECT COUNT(*) FROM "players" WHERE "players"."game_room_id" = 1 /*action='join_room',application='FruitBox',controller='game'*/[0m
  ↳ app/views/game/join_room.html.erb:12
  [1m[36mPlayer Load (0.0ms)[0m  [1m[34mSELECT "players".* FROM "players" WHERE "players"."game_room_id" = 1 /*action='join_room',application='FruitBox',controller='game'*/[0m
  ↳ app/views/game/join_room.html.erb:14
  [1m[36mCACHE Player Count (0.0ms)[0m  [1m[34mSELECT COUNT(*) FROM "players" WHERE "players"."game_room_id" = 1[0m
  ↳ app/models/game_room.rb:11:in `full?'
  Rendered game/join_room.html.erb within layouts/application (Duration: 2.8ms | GC: 1.6ms)
  Rendered layout layouts/application.html.erb (Duration: 3.4ms | GC: 1.8ms)
Completed 200 OK in 23ms (Views: 3.8ms | ActiveRecord: 0.4ms (4 queries, 1 cached) | GC: 3.2ms)


